2021-03-07_16:06:24.939 [http-nio-8181-exec-2] INFO  DBIProvider [DBIProvider.java:27] - Init jDBI with  JNDI
2021-03-07_16:08:10.180 [http-nio-8181-exec-9] INFO  SendServlet [SendServlet.java:24] - Start sending
2021-03-07_16:08:10.188 [http-nio-8181-exec-9] ERROR SendServlet [SendServlet.java:40] - Processing failed
java.lang.IllegalStateException: Unable to process parts as no multi-part configuration has been provided
	at org.apache.catalina.connector.Request.parseParts(Request.java:2841)
	at org.apache.catalina.connector.Request.getParts(Request.java:2810)
	at org.apache.catalina.connector.Request.getPart(Request.java:2979)
	at org.apache.catalina.connector.RequestFacade.getPart(RequestFacade.java:1090)
	at ru.javaops.masterjava.webapp.SendServlet.doPost(SendServlet.java:31)
	at javax.servlet.http.HttpServlet.service(HttpServlet.java:652)
	at javax.servlet.http.HttpServlet.service(HttpServlet.java:733)
	at org.apache.catalina.core.ApplicationFilterChain.internalDoFilter(ApplicationFilterChain.java:231)
	at org.apache.catalina.core.ApplicationFilterChain.doFilter(ApplicationFilterChain.java:166)
	at org.apache.tomcat.websocket.server.WsFilter.doFilter(WsFilter.java:52)
	at org.apache.catalina.core.ApplicationFilterChain.internalDoFilter(ApplicationFilterChain.java:193)
	at org.apache.catalina.core.ApplicationFilterChain.doFilter(ApplicationFilterChain.java:166)
	at org.apache.catalina.core.StandardWrapperValve.invoke(StandardWrapperValve.java:199)
	at org.apache.catalina.core.StandardContextValve.invoke(StandardContextValve.java:97)
	at org.apache.catalina.authenticator.AuthenticatorBase.invoke(AuthenticatorBase.java:544)
	at org.apache.catalina.core.StandardHostValve.invoke(StandardHostValve.java:143)
	at org.apache.catalina.valves.ErrorReportValve.invoke(ErrorReportValve.java:81)
	at org.apache.catalina.valves.AbstractAccessLogValve.invoke(AbstractAccessLogValve.java:690)
	at org.apache.catalina.core.StandardEngineValve.invoke(StandardEngineValve.java:78)
	at org.apache.catalina.connector.CoyoteAdapter.service(CoyoteAdapter.java:343)
	at org.apache.coyote.http11.Http11Processor.service(Http11Processor.java:616)
	at org.apache.coyote.AbstractProcessorLight.process(AbstractProcessorLight.java:65)
	at org.apache.coyote.AbstractProtocol$ConnectionHandler.process(AbstractProtocol.java:818)
	at org.apache.tomcat.util.net.NioEndpoint$SocketProcessor.doRun(NioEndpoint.java:1626)
	at org.apache.tomcat.util.net.SocketProcessorBase.run(SocketProcessorBase.java:49)
	at java.util.concurrent.ThreadPoolExecutor.runWorker(ThreadPoolExecutor.java:1149)
	at java.util.concurrent.ThreadPoolExecutor$Worker.run(ThreadPoolExecutor.java:624)
	at org.apache.tomcat.util.threads.TaskThread$WrappingRunnable.run(TaskThread.java:61)
	at java.lang.Thread.run(Thread.java:748)
2021-03-07_16:11:52.674 [http-nio-8181-exec-2] INFO  DBIProvider [DBIProvider.java:27] - Init jDBI with  JNDI
2021-03-07_16:12:23.825 [http-nio-8181-exec-8] INFO  SendServlet [SendServlet.java:26] - Start sending
2021-03-07_16:12:23.846 [http-nio-8181-exec-8] ERROR SendServlet [SendServlet.java:42] - Processing failed
javax.servlet.ServletException: org.apache.tomcat.util.http.fileupload.impl.InvalidContentTypeException: the request doesn't contain a multipart/form-data or multipart/mixed stream, content type header is application/x-www-form-urlencoded; charset=UTF-8
	at org.apache.catalina.connector.Request.parseParts(Request.java:2948)
	at org.apache.catalina.connector.Request.getParts(Request.java:2810)
	at org.apache.catalina.connector.Request.getPart(Request.java:2979)
	at org.apache.catalina.connector.RequestFacade.getPart(RequestFacade.java:1090)
	at ru.javaops.masterjava.webapp.SendServlet.doPost(SendServlet.java:33)
	at javax.servlet.http.HttpServlet.service(HttpServlet.java:652)
	at javax.servlet.http.HttpServlet.service(HttpServlet.java:733)
	at org.apache.catalina.core.ApplicationFilterChain.internalDoFilter(ApplicationFilterChain.java:231)
	at org.apache.catalina.core.ApplicationFilterChain.doFilter(ApplicationFilterChain.java:166)
	at org.apache.tomcat.websocket.server.WsFilter.doFilter(WsFilter.java:52)
	at org.apache.catalina.core.ApplicationFilterChain.internalDoFilter(ApplicationFilterChain.java:193)
	at org.apache.catalina.core.ApplicationFilterChain.doFilter(ApplicationFilterChain.java:166)
	at org.apache.catalina.core.StandardWrapperValve.invoke(StandardWrapperValve.java:199)
	at org.apache.catalina.core.StandardContextValve.invoke(StandardContextValve.java:97)
	at org.apache.catalina.authenticator.AuthenticatorBase.invoke(AuthenticatorBase.java:544)
	at org.apache.catalina.core.StandardHostValve.invoke(StandardHostValve.java:143)
	at org.apache.catalina.valves.ErrorReportValve.invoke(ErrorReportValve.java:81)
	at org.apache.catalina.valves.AbstractAccessLogValve.invoke(AbstractAccessLogValve.java:690)
	at org.apache.catalina.core.StandardEngineValve.invoke(StandardEngineValve.java:78)
	at org.apache.catalina.connector.CoyoteAdapter.service(CoyoteAdapter.java:343)
	at org.apache.coyote.http11.Http11Processor.service(Http11Processor.java:616)
	at org.apache.coyote.AbstractProcessorLight.process(AbstractProcessorLight.java:65)
	at org.apache.coyote.AbstractProtocol$ConnectionHandler.process(AbstractProtocol.java:818)
	at org.apache.tomcat.util.net.NioEndpoint$SocketProcessor.doRun(NioEndpoint.java:1626)
	at org.apache.tomcat.util.net.SocketProcessorBase.run(SocketProcessorBase.java:49)
	at java.util.concurrent.ThreadPoolExecutor.runWorker(ThreadPoolExecutor.java:1149)
	at java.util.concurrent.ThreadPoolExecutor$Worker.run(ThreadPoolExecutor.java:624)
	at org.apache.tomcat.util.threads.TaskThread$WrappingRunnable.run(TaskThread.java:61)
	at java.lang.Thread.run(Thread.java:748)
Caused by: org.apache.tomcat.util.http.fileupload.impl.InvalidContentTypeException: the request doesn't contain a multipart/form-data or multipart/mixed stream, content type header is application/x-www-form-urlencoded; charset=UTF-8
	at org.apache.tomcat.util.http.fileupload.impl.FileItemIteratorImpl.init(FileItemIteratorImpl.java:135)
	at org.apache.tomcat.util.http.fileupload.impl.FileItemIteratorImpl.getMultiPartStream(FileItemIteratorImpl.java:190)
	at org.apache.tomcat.util.http.fileupload.impl.FileItemIteratorImpl.findNextItem(FileItemIteratorImpl.java:209)
	at org.apache.tomcat.util.http.fileupload.impl.FileItemIteratorImpl.<init>(FileItemIteratorImpl.java:127)
	at org.apache.tomcat.util.http.fileupload.FileUploadBase.getItemIterator(FileUploadBase.java:256)
	at org.apache.tomcat.util.http.fileupload.FileUploadBase.parseRequest(FileUploadBase.java:280)
	at org.apache.catalina.connector.Request.parseParts(Request.java:2907)
	... 28 common frames omitted
2021-03-07_16:17:05.915 [http-nio-8181-exec-2] INFO  DBIProvider [DBIProvider.java:27] - Init jDBI with  JNDI
2021-03-07_16:17:33.071 [http-nio-8181-exec-1] INFO  DBIProvider [DBIProvider.java:27] - Init jDBI with  JNDI
2021-03-07_16:41:34.802 [http-nio-8181-exec-2] INFO  DBIProvider [DBIProvider.java:27] - Init jDBI with  JNDI
2021-03-07_16:43:41.111 [http-nio-8181-exec-2] INFO  DBIProvider [DBIProvider.java:27] - Init jDBI with  JNDI
2021-03-07_16:43:55.195 [http-nio-8181-exec-6] INFO  SendServlet [SendServlet.java:26] - Start sending
2021-03-07_16:43:55.212 [http-nio-8181-exec-6] ERROR SendServlet [SendServlet.java:42] - Processing failed
javax.servlet.ServletException: org.apache.tomcat.util.http.fileupload.impl.InvalidContentTypeException: the request doesn't contain a multipart/form-data or multipart/mixed stream, content type header is application/x-www-form-urlencoded; charset=UTF-8
	at org.apache.catalina.connector.Request.parseParts(Request.java:2948)
	at org.apache.catalina.connector.Request.getParts(Request.java:2810)
	at org.apache.catalina.connector.Request.getPart(Request.java:2979)
	at org.apache.catalina.connector.RequestFacade.getPart(RequestFacade.java:1090)
	at ru.javaops.masterjava.webapp.SendServlet.doPost(SendServlet.java:33)
	at javax.servlet.http.HttpServlet.service(HttpServlet.java:652)
	at javax.servlet.http.HttpServlet.service(HttpServlet.java:733)
	at org.apache.catalina.core.ApplicationFilterChain.internalDoFilter(ApplicationFilterChain.java:231)
	at org.apache.catalina.core.ApplicationFilterChain.doFilter(ApplicationFilterChain.java:166)
	at org.apache.tomcat.websocket.server.WsFilter.doFilter(WsFilter.java:52)
	at org.apache.catalina.core.ApplicationFilterChain.internalDoFilter(ApplicationFilterChain.java:193)
	at org.apache.catalina.core.ApplicationFilterChain.doFilter(ApplicationFilterChain.java:166)
	at org.apache.catalina.core.StandardWrapperValve.invoke(StandardWrapperValve.java:199)
	at org.apache.catalina.core.StandardContextValve.invoke(StandardContextValve.java:97)
	at org.apache.catalina.authenticator.AuthenticatorBase.invoke(AuthenticatorBase.java:544)
	at org.apache.catalina.core.StandardHostValve.invoke(StandardHostValve.java:143)
	at org.apache.catalina.valves.ErrorReportValve.invoke(ErrorReportValve.java:81)
	at org.apache.catalina.valves.AbstractAccessLogValve.invoke(AbstractAccessLogValve.java:690)
	at org.apache.catalina.core.StandardEngineValve.invoke(StandardEngineValve.java:78)
	at org.apache.catalina.connector.CoyoteAdapter.service(CoyoteAdapter.java:343)
	at org.apache.coyote.http11.Http11Processor.service(Http11Processor.java:616)
	at org.apache.coyote.AbstractProcessorLight.process(AbstractProcessorLight.java:65)
	at org.apache.coyote.AbstractProtocol$ConnectionHandler.process(AbstractProtocol.java:818)
	at org.apache.tomcat.util.net.NioEndpoint$SocketProcessor.doRun(NioEndpoint.java:1626)
	at org.apache.tomcat.util.net.SocketProcessorBase.run(SocketProcessorBase.java:49)
	at java.util.concurrent.ThreadPoolExecutor.runWorker(ThreadPoolExecutor.java:1149)
	at java.util.concurrent.ThreadPoolExecutor$Worker.run(ThreadPoolExecutor.java:624)
	at org.apache.tomcat.util.threads.TaskThread$WrappingRunnable.run(TaskThread.java:61)
	at java.lang.Thread.run(Thread.java:748)
Caused by: org.apache.tomcat.util.http.fileupload.impl.InvalidContentTypeException: the request doesn't contain a multipart/form-data or multipart/mixed stream, content type header is application/x-www-form-urlencoded; charset=UTF-8
	at org.apache.tomcat.util.http.fileupload.impl.FileItemIteratorImpl.init(FileItemIteratorImpl.java:135)
	at org.apache.tomcat.util.http.fileupload.impl.FileItemIteratorImpl.getMultiPartStream(FileItemIteratorImpl.java:190)
	at org.apache.tomcat.util.http.fileupload.impl.FileItemIteratorImpl.findNextItem(FileItemIteratorImpl.java:209)
	at org.apache.tomcat.util.http.fileupload.impl.FileItemIteratorImpl.<init>(FileItemIteratorImpl.java:127)
	at org.apache.tomcat.util.http.fileupload.FileUploadBase.getItemIterator(FileUploadBase.java:256)
	at org.apache.tomcat.util.http.fileupload.FileUploadBase.parseRequest(FileUploadBase.java:280)
	at org.apache.catalina.connector.Request.parseParts(Request.java:2907)
	... 28 common frames omitted
2021-03-07_16:46:50.682 [http-nio-8181-exec-2] INFO  DBIProvider [DBIProvider.java:27] - Init jDBI with  JNDI
2021-03-07_16:56:47.996 [http-nio-8181-exec-2] INFO  DBIProvider [DBIProvider.java:27] - Init jDBI with  JNDI
2021-03-07_16:56:57.685 [http-nio-8181-exec-6] INFO  SendServlet [SendServlet.java:26] - Start sending
2021-03-07_16:56:57.707 [http-nio-8181-exec-6] ERROR SendServlet [SendServlet.java:42] - Processing failed
java.io.IOException: org.apache.tomcat.util.http.fileupload.FileUploadException: the request was rejected because no multipart boundary was found
	at org.apache.catalina.connector.Request.parseParts(Request.java:2955)
	at org.apache.catalina.connector.Request.parseParameters(Request.java:3241)
	at org.apache.catalina.connector.Request.getParameter(Request.java:1151)
	at org.apache.catalina.connector.RequestFacade.getParameter(RequestFacade.java:381)
	at ru.javaops.masterjava.webapp.SendServlet.doPost(SendServlet.java:29)
	at javax.servlet.http.HttpServlet.service(HttpServlet.java:652)
	at javax.servlet.http.HttpServlet.service(HttpServlet.java:733)
	at org.apache.catalina.core.ApplicationFilterChain.internalDoFilter(ApplicationFilterChain.java:231)
	at org.apache.catalina.core.ApplicationFilterChain.doFilter(ApplicationFilterChain.java:166)
	at org.apache.tomcat.websocket.server.WsFilter.doFilter(WsFilter.java:52)
	at org.apache.catalina.core.ApplicationFilterChain.internalDoFilter(ApplicationFilterChain.java:193)
	at org.apache.catalina.core.ApplicationFilterChain.doFilter(ApplicationFilterChain.java:166)
	at org.apache.catalina.core.StandardWrapperValve.invoke(StandardWrapperValve.java:199)
	at org.apache.catalina.core.StandardContextValve.invoke(StandardContextValve.java:97)
	at org.apache.catalina.authenticator.AuthenticatorBase.invoke(AuthenticatorBase.java:544)
	at org.apache.catalina.core.StandardHostValve.invoke(StandardHostValve.java:143)
	at org.apache.catalina.valves.ErrorReportValve.invoke(ErrorReportValve.java:81)
	at org.apache.catalina.valves.AbstractAccessLogValve.invoke(AbstractAccessLogValve.java:690)
	at org.apache.catalina.core.StandardEngineValve.invoke(StandardEngineValve.java:78)
	at org.apache.catalina.connector.CoyoteAdapter.service(CoyoteAdapter.java:343)
	at org.apache.coyote.http11.Http11Processor.service(Http11Processor.java:616)
	at org.apache.coyote.AbstractProcessorLight.process(AbstractProcessorLight.java:65)
	at org.apache.coyote.AbstractProtocol$ConnectionHandler.process(AbstractProtocol.java:818)
	at org.apache.tomcat.util.net.NioEndpoint$SocketProcessor.doRun(NioEndpoint.java:1626)
	at org.apache.tomcat.util.net.SocketProcessorBase.run(SocketProcessorBase.java:49)
	at java.util.concurrent.ThreadPoolExecutor.runWorker(ThreadPoolExecutor.java:1149)
	at java.util.concurrent.ThreadPoolExecutor$Worker.run(ThreadPoolExecutor.java:624)
	at org.apache.tomcat.util.threads.TaskThread$WrappingRunnable.run(TaskThread.java:61)
	at java.lang.Thread.run(Thread.java:748)
Caused by: org.apache.tomcat.util.http.fileupload.FileUploadException: the request was rejected because no multipart boundary was found
	at org.apache.tomcat.util.http.fileupload.impl.FileItemIteratorImpl.init(FileItemIteratorImpl.java:174)
	at org.apache.tomcat.util.http.fileupload.impl.FileItemIteratorImpl.getMultiPartStream(FileItemIteratorImpl.java:190)
	at org.apache.tomcat.util.http.fileupload.impl.FileItemIteratorImpl.findNextItem(FileItemIteratorImpl.java:209)
	at org.apache.tomcat.util.http.fileupload.impl.FileItemIteratorImpl.<init>(FileItemIteratorImpl.java:127)
	at org.apache.tomcat.util.http.fileupload.FileUploadBase.getItemIterator(FileUploadBase.java:256)
	at org.apache.tomcat.util.http.fileupload.FileUploadBase.parseRequest(FileUploadBase.java:280)
	at org.apache.catalina.connector.Request.parseParts(Request.java:2907)
	... 28 common frames omitted
2021-03-07_16:59:13.324 [http-nio-8181-exec-2] INFO  DBIProvider [DBIProvider.java:27] - Init jDBI with  JNDI
2021-03-07_16:59:25.829 [http-nio-8181-exec-6] INFO  SendServlet [SendServlet.java:26] - Start sending
2021-03-07_16:59:25.845 [http-nio-8181-exec-6] ERROR SendServlet [SendServlet.java:42] - Processing failed
javax.servlet.ServletException: org.apache.tomcat.util.http.fileupload.impl.InvalidContentTypeException: the request doesn't contain a multipart/form-data or multipart/mixed stream, content type header is null
	at org.apache.catalina.connector.Request.parseParts(Request.java:2948)
	at org.apache.catalina.connector.Request.getParts(Request.java:2810)
	at org.apache.catalina.connector.Request.getPart(Request.java:2979)
	at org.apache.catalina.connector.RequestFacade.getPart(RequestFacade.java:1090)
	at ru.javaops.masterjava.webapp.SendServlet.doPost(SendServlet.java:33)
	at javax.servlet.http.HttpServlet.service(HttpServlet.java:652)
	at javax.servlet.http.HttpServlet.service(HttpServlet.java:733)
	at org.apache.catalina.core.ApplicationFilterChain.internalDoFilter(ApplicationFilterChain.java:231)
	at org.apache.catalina.core.ApplicationFilterChain.doFilter(ApplicationFilterChain.java:166)
	at org.apache.tomcat.websocket.server.WsFilter.doFilter(WsFilter.java:52)
	at org.apache.catalina.core.ApplicationFilterChain.internalDoFilter(ApplicationFilterChain.java:193)
	at org.apache.catalina.core.ApplicationFilterChain.doFilter(ApplicationFilterChain.java:166)
	at org.apache.catalina.core.StandardWrapperValve.invoke(StandardWrapperValve.java:199)
	at org.apache.catalina.core.StandardContextValve.invoke(StandardContextValve.java:97)
	at org.apache.catalina.authenticator.AuthenticatorBase.invoke(AuthenticatorBase.java:544)
	at org.apache.catalina.core.StandardHostValve.invoke(StandardHostValve.java:143)
	at org.apache.catalina.valves.ErrorReportValve.invoke(ErrorReportValve.java:81)
	at org.apache.catalina.valves.AbstractAccessLogValve.invoke(AbstractAccessLogValve.java:690)
	at org.apache.catalina.core.StandardEngineValve.invoke(StandardEngineValve.java:78)
	at org.apache.catalina.connector.CoyoteAdapter.service(CoyoteAdapter.java:343)
	at org.apache.coyote.http11.Http11Processor.service(Http11Processor.java:616)
	at org.apache.coyote.AbstractProcessorLight.process(AbstractProcessorLight.java:65)
	at org.apache.coyote.AbstractProtocol$ConnectionHandler.process(AbstractProtocol.java:818)
	at org.apache.tomcat.util.net.NioEndpoint$SocketProcessor.doRun(NioEndpoint.java:1626)
	at org.apache.tomcat.util.net.SocketProcessorBase.run(SocketProcessorBase.java:49)
	at java.util.concurrent.ThreadPoolExecutor.runWorker(ThreadPoolExecutor.java:1149)
	at java.util.concurrent.ThreadPoolExecutor$Worker.run(ThreadPoolExecutor.java:624)
	at org.apache.tomcat.util.threads.TaskThread$WrappingRunnable.run(TaskThread.java:61)
	at java.lang.Thread.run(Thread.java:748)
Caused by: org.apache.tomcat.util.http.fileupload.impl.InvalidContentTypeException: the request doesn't contain a multipart/form-data or multipart/mixed stream, content type header is null
	at org.apache.tomcat.util.http.fileupload.impl.FileItemIteratorImpl.init(FileItemIteratorImpl.java:135)
	at org.apache.tomcat.util.http.fileupload.impl.FileItemIteratorImpl.getMultiPartStream(FileItemIteratorImpl.java:190)
	at org.apache.tomcat.util.http.fileupload.impl.FileItemIteratorImpl.findNextItem(FileItemIteratorImpl.java:209)
	at org.apache.tomcat.util.http.fileupload.impl.FileItemIteratorImpl.<init>(FileItemIteratorImpl.java:127)
	at org.apache.tomcat.util.http.fileupload.FileUploadBase.getItemIterator(FileUploadBase.java:256)
	at org.apache.tomcat.util.http.fileupload.FileUploadBase.parseRequest(FileUploadBase.java:280)
	at org.apache.catalina.connector.Request.parseParts(Request.java:2907)
	... 28 common frames omitted
2021-03-07_17:10:57.305 [http-nio-8181-exec-2] INFO  DBIProvider [DBIProvider.java:27] - Init jDBI with  JNDI
2021-03-07_17:28:32.372 [http-nio-8181-exec-2] INFO  DBIProvider [DBIProvider.java:27] - Init jDBI with  JNDI
2021-03-07_17:40:02.666 [http-nio-8181-exec-1] INFO  DBIProvider [DBIProvider.java:27] - Init jDBI with  JNDI
2021-03-07_17:40:16.355 [http-nio-8181-exec-6] INFO  SendServlet [SendServlet.java:26] - Start sending
2021-03-07_17:40:16.363 [http-nio-8181-exec-6] ERROR SendServlet [SendServlet.java:42] - Processing failed
java.lang.IllegalStateException: Unable to process parts as no multi-part configuration has been provided
	at org.apache.catalina.connector.Request.parseParts(Request.java:2841)
	at org.apache.catalina.connector.Request.getParts(Request.java:2810)
	at org.apache.catalina.connector.Request.getPart(Request.java:2979)
	at org.apache.catalina.connector.RequestFacade.getPart(RequestFacade.java:1090)
	at ru.javaops.masterjava.webapp.SendServlet.doPost(SendServlet.java:33)
	at javax.servlet.http.HttpServlet.service(HttpServlet.java:652)
	at javax.servlet.http.HttpServlet.service(HttpServlet.java:733)
	at org.apache.catalina.core.ApplicationFilterChain.internalDoFilter(ApplicationFilterChain.java:231)
	at org.apache.catalina.core.ApplicationFilterChain.doFilter(ApplicationFilterChain.java:166)
	at org.apache.tomcat.websocket.server.WsFilter.doFilter(WsFilter.java:52)
	at org.apache.catalina.core.ApplicationFilterChain.internalDoFilter(ApplicationFilterChain.java:193)
	at org.apache.catalina.core.ApplicationFilterChain.doFilter(ApplicationFilterChain.java:166)
	at org.apache.catalina.core.StandardWrapperValve.invoke(StandardWrapperValve.java:199)
	at org.apache.catalina.core.StandardContextValve.invoke(StandardContextValve.java:97)
	at org.apache.catalina.authenticator.AuthenticatorBase.invoke(AuthenticatorBase.java:544)
	at org.apache.catalina.core.StandardHostValve.invoke(StandardHostValve.java:143)
	at org.apache.catalina.valves.ErrorReportValve.invoke(ErrorReportValve.java:81)
	at org.apache.catalina.valves.AbstractAccessLogValve.invoke(AbstractAccessLogValve.java:690)
	at org.apache.catalina.core.StandardEngineValve.invoke(StandardEngineValve.java:78)
	at org.apache.catalina.connector.CoyoteAdapter.service(CoyoteAdapter.java:343)
	at org.apache.coyote.http11.Http11Processor.service(Http11Processor.java:616)
	at org.apache.coyote.AbstractProcessorLight.process(AbstractProcessorLight.java:65)
	at org.apache.coyote.AbstractProtocol$ConnectionHandler.process(AbstractProtocol.java:818)
	at org.apache.tomcat.util.net.NioEndpoint$SocketProcessor.doRun(NioEndpoint.java:1626)
	at org.apache.tomcat.util.net.SocketProcessorBase.run(SocketProcessorBase.java:49)
	at java.util.concurrent.ThreadPoolExecutor.runWorker(ThreadPoolExecutor.java:1149)
	at java.util.concurrent.ThreadPoolExecutor$Worker.run(ThreadPoolExecutor.java:624)
	at org.apache.tomcat.util.threads.TaskThread$WrappingRunnable.run(TaskThread.java:61)
	at java.lang.Thread.run(Thread.java:748)
2021-03-07_17:42:04.214 [http-nio-8181-exec-2] INFO  DBIProvider [DBIProvider.java:27] - Init jDBI with  JNDI
2021-03-07_17:42:16.261 [http-nio-8181-exec-6] INFO  SendServlet [SendServlet.java:26] - Start sending
2021-03-07_17:42:16.278 [http-nio-8181-exec-6] ERROR SendServlet [SendServlet.java:42] - Processing failed
javax.servlet.ServletException: org.apache.tomcat.util.http.fileupload.impl.InvalidContentTypeException: the request doesn't contain a multipart/form-data or multipart/mixed stream, content type header is application/x-www-form-urlencoded; charset=UTF-8
	at org.apache.catalina.connector.Request.parseParts(Request.java:2948)
	at org.apache.catalina.connector.Request.getParts(Request.java:2810)
	at org.apache.catalina.connector.Request.getPart(Request.java:2979)
	at org.apache.catalina.connector.RequestFacade.getPart(RequestFacade.java:1090)
	at ru.javaops.masterjava.webapp.SendServlet.doPost(SendServlet.java:33)
	at javax.servlet.http.HttpServlet.service(HttpServlet.java:652)
	at javax.servlet.http.HttpServlet.service(HttpServlet.java:733)
	at org.apache.catalina.core.ApplicationFilterChain.internalDoFilter(ApplicationFilterChain.java:231)
	at org.apache.catalina.core.ApplicationFilterChain.doFilter(ApplicationFilterChain.java:166)
	at org.apache.tomcat.websocket.server.WsFilter.doFilter(WsFilter.java:52)
	at org.apache.catalina.core.ApplicationFilterChain.internalDoFilter(ApplicationFilterChain.java:193)
	at org.apache.catalina.core.ApplicationFilterChain.doFilter(ApplicationFilterChain.java:166)
	at org.apache.catalina.core.StandardWrapperValve.invoke(StandardWrapperValve.java:199)
	at org.apache.catalina.core.StandardContextValve.invoke(StandardContextValve.java:97)
	at org.apache.catalina.authenticator.AuthenticatorBase.invoke(AuthenticatorBase.java:544)
	at org.apache.catalina.core.StandardHostValve.invoke(StandardHostValve.java:143)
	at org.apache.catalina.valves.ErrorReportValve.invoke(ErrorReportValve.java:81)
	at org.apache.catalina.valves.AbstractAccessLogValve.invoke(AbstractAccessLogValve.java:690)
	at org.apache.catalina.core.StandardEngineValve.invoke(StandardEngineValve.java:78)
	at org.apache.catalina.connector.CoyoteAdapter.service(CoyoteAdapter.java:343)
	at org.apache.coyote.http11.Http11Processor.service(Http11Processor.java:616)
	at org.apache.coyote.AbstractProcessorLight.process(AbstractProcessorLight.java:65)
	at org.apache.coyote.AbstractProtocol$ConnectionHandler.process(AbstractProtocol.java:818)
	at org.apache.tomcat.util.net.NioEndpoint$SocketProcessor.doRun(NioEndpoint.java:1626)
	at org.apache.tomcat.util.net.SocketProcessorBase.run(SocketProcessorBase.java:49)
	at java.util.concurrent.ThreadPoolExecutor.runWorker(ThreadPoolExecutor.java:1149)
	at java.util.concurrent.ThreadPoolExecutor$Worker.run(ThreadPoolExecutor.java:624)
	at org.apache.tomcat.util.threads.TaskThread$WrappingRunnable.run(TaskThread.java:61)
	at java.lang.Thread.run(Thread.java:748)
Caused by: org.apache.tomcat.util.http.fileupload.impl.InvalidContentTypeException: the request doesn't contain a multipart/form-data or multipart/mixed stream, content type header is application/x-www-form-urlencoded; charset=UTF-8
	at org.apache.tomcat.util.http.fileupload.impl.FileItemIteratorImpl.init(FileItemIteratorImpl.java:135)
	at org.apache.tomcat.util.http.fileupload.impl.FileItemIteratorImpl.getMultiPartStream(FileItemIteratorImpl.java:190)
	at org.apache.tomcat.util.http.fileupload.impl.FileItemIteratorImpl.findNextItem(FileItemIteratorImpl.java:209)
	at org.apache.tomcat.util.http.fileupload.impl.FileItemIteratorImpl.<init>(FileItemIteratorImpl.java:127)
	at org.apache.tomcat.util.http.fileupload.FileUploadBase.getItemIterator(FileUploadBase.java:256)
	at org.apache.tomcat.util.http.fileupload.FileUploadBase.parseRequest(FileUploadBase.java:280)
	at org.apache.catalina.connector.Request.parseParts(Request.java:2907)
	... 28 common frames omitted
2021-03-07_17:53:27.053 [http-nio-8181-exec-2] INFO  DBIProvider [DBIProvider.java:27] - Init jDBI with  JNDI
2021-03-07_17:56:01.611 [http-nio-8181-exec-2] INFO  DBIProvider [DBIProvider.java:27] - Init jDBI with  JNDI
2021-03-07_17:58:50.418 [http-nio-8181-exec-2] INFO  DBIProvider [DBIProvider.java:27] - Init jDBI with  JNDI
2021-03-07_17:59:15.808 [http-nio-8181-exec-9] INFO  SendServlet [SendServlet.java:26] - Start sending
2021-03-07_17:59:15.824 [http-nio-8181-exec-9] ERROR SendServlet [SendServlet.java:42] - Processing failed
javax.servlet.ServletException: org.apache.tomcat.util.http.fileupload.impl.InvalidContentTypeException: the request doesn't contain a multipart/form-data or multipart/mixed stream, content type header is application/x-www-form-urlencoded; charset=UTF-8
	at org.apache.catalina.connector.Request.parseParts(Request.java:2948)
	at org.apache.catalina.connector.Request.getParts(Request.java:2810)
	at org.apache.catalina.connector.Request.getPart(Request.java:2979)
	at org.apache.catalina.connector.RequestFacade.getPart(RequestFacade.java:1090)
	at ru.javaops.masterjava.webapp.SendServlet.doPost(SendServlet.java:33)
	at javax.servlet.http.HttpServlet.service(HttpServlet.java:652)
	at javax.servlet.http.HttpServlet.service(HttpServlet.java:733)
	at org.apache.catalina.core.ApplicationFilterChain.internalDoFilter(ApplicationFilterChain.java:231)
	at org.apache.catalina.core.ApplicationFilterChain.doFilter(ApplicationFilterChain.java:166)
	at org.apache.tomcat.websocket.server.WsFilter.doFilter(WsFilter.java:52)
	at org.apache.catalina.core.ApplicationFilterChain.internalDoFilter(ApplicationFilterChain.java:193)
	at org.apache.catalina.core.ApplicationFilterChain.doFilter(ApplicationFilterChain.java:166)
	at org.apache.catalina.core.StandardWrapperValve.invoke(StandardWrapperValve.java:199)
	at org.apache.catalina.core.StandardContextValve.invoke(StandardContextValve.java:97)
	at org.apache.catalina.authenticator.AuthenticatorBase.invoke(AuthenticatorBase.java:544)
	at org.apache.catalina.core.StandardHostValve.invoke(StandardHostValve.java:143)
	at org.apache.catalina.valves.ErrorReportValve.invoke(ErrorReportValve.java:81)
	at org.apache.catalina.valves.AbstractAccessLogValve.invoke(AbstractAccessLogValve.java:690)
	at org.apache.catalina.core.StandardEngineValve.invoke(StandardEngineValve.java:78)
	at org.apache.catalina.connector.CoyoteAdapter.service(CoyoteAdapter.java:343)
	at org.apache.coyote.http11.Http11Processor.service(Http11Processor.java:616)
	at org.apache.coyote.AbstractProcessorLight.process(AbstractProcessorLight.java:65)
	at org.apache.coyote.AbstractProtocol$ConnectionHandler.process(AbstractProtocol.java:818)
	at org.apache.tomcat.util.net.NioEndpoint$SocketProcessor.doRun(NioEndpoint.java:1626)
	at org.apache.tomcat.util.net.SocketProcessorBase.run(SocketProcessorBase.java:49)
	at java.util.concurrent.ThreadPoolExecutor.runWorker(ThreadPoolExecutor.java:1149)
	at java.util.concurrent.ThreadPoolExecutor$Worker.run(ThreadPoolExecutor.java:624)
	at org.apache.tomcat.util.threads.TaskThread$WrappingRunnable.run(TaskThread.java:61)
	at java.lang.Thread.run(Thread.java:748)
Caused by: org.apache.tomcat.util.http.fileupload.impl.InvalidContentTypeException: the request doesn't contain a multipart/form-data or multipart/mixed stream, content type header is application/x-www-form-urlencoded; charset=UTF-8
	at org.apache.tomcat.util.http.fileupload.impl.FileItemIteratorImpl.init(FileItemIteratorImpl.java:135)
	at org.apache.tomcat.util.http.fileupload.impl.FileItemIteratorImpl.getMultiPartStream(FileItemIteratorImpl.java:190)
	at org.apache.tomcat.util.http.fileupload.impl.FileItemIteratorImpl.findNextItem(FileItemIteratorImpl.java:209)
	at org.apache.tomcat.util.http.fileupload.impl.FileItemIteratorImpl.<init>(FileItemIteratorImpl.java:127)
	at org.apache.tomcat.util.http.fileupload.FileUploadBase.getItemIterator(FileUploadBase.java:256)
	at org.apache.tomcat.util.http.fileupload.FileUploadBase.parseRequest(FileUploadBase.java:280)
	at org.apache.catalina.connector.Request.parseParts(Request.java:2907)
	... 28 common frames omitted
2021-03-07_18:00:44.938 [http-nio-8181-exec-1] INFO  SendServlet [SendServlet.java:26] - Start sending
2021-03-07_18:00:44.940 [http-nio-8181-exec-1] ERROR SendServlet [SendServlet.java:42] - Processing failed
javax.servlet.ServletException: org.apache.tomcat.util.http.fileupload.impl.InvalidContentTypeException: the request doesn't contain a multipart/form-data or multipart/mixed stream, content type header is application/x-www-form-urlencoded; charset=UTF-8
	at org.apache.catalina.connector.Request.parseParts(Request.java:2948)
	at org.apache.catalina.connector.Request.getParts(Request.java:2810)
	at org.apache.catalina.connector.Request.getPart(Request.java:2979)
	at org.apache.catalina.connector.RequestFacade.getPart(RequestFacade.java:1090)
	at ru.javaops.masterjava.webapp.SendServlet.doPost(SendServlet.java:33)
	at javax.servlet.http.HttpServlet.service(HttpServlet.java:652)
	at javax.servlet.http.HttpServlet.service(HttpServlet.java:733)
	at org.apache.catalina.core.ApplicationFilterChain.internalDoFilter(ApplicationFilterChain.java:231)
	at org.apache.catalina.core.ApplicationFilterChain.doFilter(ApplicationFilterChain.java:166)
	at org.apache.tomcat.websocket.server.WsFilter.doFilter(WsFilter.java:52)
	at org.apache.catalina.core.ApplicationFilterChain.internalDoFilter(ApplicationFilterChain.java:193)
	at org.apache.catalina.core.ApplicationFilterChain.doFilter(ApplicationFilterChain.java:166)
	at org.apache.catalina.core.StandardWrapperValve.invoke(StandardWrapperValve.java:199)
	at org.apache.catalina.core.StandardContextValve.invoke(StandardContextValve.java:97)
	at org.apache.catalina.authenticator.AuthenticatorBase.invoke(AuthenticatorBase.java:544)
	at org.apache.catalina.core.StandardHostValve.invoke(StandardHostValve.java:143)
	at org.apache.catalina.valves.ErrorReportValve.invoke(ErrorReportValve.java:81)
	at org.apache.catalina.valves.AbstractAccessLogValve.invoke(AbstractAccessLogValve.java:690)
	at org.apache.catalina.core.StandardEngineValve.invoke(StandardEngineValve.java:78)
	at org.apache.catalina.connector.CoyoteAdapter.service(CoyoteAdapter.java:343)
	at org.apache.coyote.http11.Http11Processor.service(Http11Processor.java:616)
	at org.apache.coyote.AbstractProcessorLight.process(AbstractProcessorLight.java:65)
	at org.apache.coyote.AbstractProtocol$ConnectionHandler.process(AbstractProtocol.java:818)
	at org.apache.tomcat.util.net.NioEndpoint$SocketProcessor.doRun(NioEndpoint.java:1626)
	at org.apache.tomcat.util.net.SocketProcessorBase.run(SocketProcessorBase.java:49)
	at java.util.concurrent.ThreadPoolExecutor.runWorker(ThreadPoolExecutor.java:1149)
	at java.util.concurrent.ThreadPoolExecutor$Worker.run(ThreadPoolExecutor.java:624)
	at org.apache.tomcat.util.threads.TaskThread$WrappingRunnable.run(TaskThread.java:61)
	at java.lang.Thread.run(Thread.java:748)
Caused by: org.apache.tomcat.util.http.fileupload.impl.InvalidContentTypeException: the request doesn't contain a multipart/form-data or multipart/mixed stream, content type header is application/x-www-form-urlencoded; charset=UTF-8
	at org.apache.tomcat.util.http.fileupload.impl.FileItemIteratorImpl.init(FileItemIteratorImpl.java:135)
	at org.apache.tomcat.util.http.fileupload.impl.FileItemIteratorImpl.getMultiPartStream(FileItemIteratorImpl.java:190)
	at org.apache.tomcat.util.http.fileupload.impl.FileItemIteratorImpl.findNextItem(FileItemIteratorImpl.java:209)
	at org.apache.tomcat.util.http.fileupload.impl.FileItemIteratorImpl.<init>(FileItemIteratorImpl.java:127)
	at org.apache.tomcat.util.http.fileupload.FileUploadBase.getItemIterator(FileUploadBase.java:256)
	at org.apache.tomcat.util.http.fileupload.FileUploadBase.parseRequest(FileUploadBase.java:280)
	at org.apache.catalina.connector.Request.parseParts(Request.java:2907)
	... 28 common frames omitted
2021-03-07_18:08:40.724 [http-nio-8181-exec-3] INFO  SendServlet [SendServlet.java:26] - Start sending
2021-03-07_18:08:40.726 [http-nio-8181-exec-3] ERROR SendServlet [SendServlet.java:42] - Processing failed
javax.servlet.ServletException: org.apache.tomcat.util.http.fileupload.impl.InvalidContentTypeException: the request doesn't contain a multipart/form-data or multipart/mixed stream, content type header is application/x-www-form-urlencoded; charset=UTF-8
	at org.apache.catalina.connector.Request.parseParts(Request.java:2948)
	at org.apache.catalina.connector.Request.getParts(Request.java:2810)
	at org.apache.catalina.connector.Request.getPart(Request.java:2979)
	at org.apache.catalina.connector.RequestFacade.getPart(RequestFacade.java:1090)
	at ru.javaops.masterjava.webapp.SendServlet.doPost(SendServlet.java:33)
	at javax.servlet.http.HttpServlet.service(HttpServlet.java:652)
	at javax.servlet.http.HttpServlet.service(HttpServlet.java:733)
	at org.apache.catalina.core.ApplicationFilterChain.internalDoFilter(ApplicationFilterChain.java:231)
	at org.apache.catalina.core.ApplicationFilterChain.doFilter(ApplicationFilterChain.java:166)
	at org.apache.tomcat.websocket.server.WsFilter.doFilter(WsFilter.java:52)
	at org.apache.catalina.core.ApplicationFilterChain.internalDoFilter(ApplicationFilterChain.java:193)
	at org.apache.catalina.core.ApplicationFilterChain.doFilter(ApplicationFilterChain.java:166)
	at org.apache.catalina.core.StandardWrapperValve.invoke(StandardWrapperValve.java:199)
	at org.apache.catalina.core.StandardContextValve.invoke(StandardContextValve.java:97)
	at org.apache.catalina.authenticator.AuthenticatorBase.invoke(AuthenticatorBase.java:544)
	at org.apache.catalina.core.StandardHostValve.invoke(StandardHostValve.java:143)
	at org.apache.catalina.valves.ErrorReportValve.invoke(ErrorReportValve.java:81)
	at org.apache.catalina.valves.AbstractAccessLogValve.invoke(AbstractAccessLogValve.java:690)
	at org.apache.catalina.core.StandardEngineValve.invoke(StandardEngineValve.java:78)
	at org.apache.catalina.connector.CoyoteAdapter.service(CoyoteAdapter.java:343)
	at org.apache.coyote.http11.Http11Processor.service(Http11Processor.java:616)
	at org.apache.coyote.AbstractProcessorLight.process(AbstractProcessorLight.java:65)
	at org.apache.coyote.AbstractProtocol$ConnectionHandler.process(AbstractProtocol.java:818)
	at org.apache.tomcat.util.net.NioEndpoint$SocketProcessor.doRun(NioEndpoint.java:1626)
	at org.apache.tomcat.util.net.SocketProcessorBase.run(SocketProcessorBase.java:49)
	at java.util.concurrent.ThreadPoolExecutor.runWorker(ThreadPoolExecutor.java:1149)
	at java.util.concurrent.ThreadPoolExecutor$Worker.run(ThreadPoolExecutor.java:624)
	at org.apache.tomcat.util.threads.TaskThread$WrappingRunnable.run(TaskThread.java:61)
	at java.lang.Thread.run(Thread.java:748)
Caused by: org.apache.tomcat.util.http.fileupload.impl.InvalidContentTypeException: the request doesn't contain a multipart/form-data or multipart/mixed stream, content type header is application/x-www-form-urlencoded; charset=UTF-8
	at org.apache.tomcat.util.http.fileupload.impl.FileItemIteratorImpl.init(FileItemIteratorImpl.java:135)
	at org.apache.tomcat.util.http.fileupload.impl.FileItemIteratorImpl.getMultiPartStream(FileItemIteratorImpl.java:190)
	at org.apache.tomcat.util.http.fileupload.impl.FileItemIteratorImpl.findNextItem(FileItemIteratorImpl.java:209)
	at org.apache.tomcat.util.http.fileupload.impl.FileItemIteratorImpl.<init>(FileItemIteratorImpl.java:127)
	at org.apache.tomcat.util.http.fileupload.FileUploadBase.getItemIterator(FileUploadBase.java:256)
	at org.apache.tomcat.util.http.fileupload.FileUploadBase.parseRequest(FileUploadBase.java:280)
	at org.apache.catalina.connector.Request.parseParts(Request.java:2907)
	... 28 common frames omitted
2021-03-07_18:08:46.875 [http-nio-8181-exec-4] INFO  SendServlet [SendServlet.java:26] - Start sending
2021-03-07_18:08:46.876 [http-nio-8181-exec-4] ERROR SendServlet [SendServlet.java:42] - Processing failed
javax.servlet.ServletException: org.apache.tomcat.util.http.fileupload.impl.InvalidContentTypeException: the request doesn't contain a multipart/form-data or multipart/mixed stream, content type header is application/x-www-form-urlencoded; charset=UTF-8
	at org.apache.catalina.connector.Request.parseParts(Request.java:2948)
	at org.apache.catalina.connector.Request.getParts(Request.java:2810)
	at org.apache.catalina.connector.Request.getPart(Request.java:2979)
	at org.apache.catalina.connector.RequestFacade.getPart(RequestFacade.java:1090)
	at ru.javaops.masterjava.webapp.SendServlet.doPost(SendServlet.java:33)
	at javax.servlet.http.HttpServlet.service(HttpServlet.java:652)
	at javax.servlet.http.HttpServlet.service(HttpServlet.java:733)
	at org.apache.catalina.core.ApplicationFilterChain.internalDoFilter(ApplicationFilterChain.java:231)
	at org.apache.catalina.core.ApplicationFilterChain.doFilter(ApplicationFilterChain.java:166)
	at org.apache.tomcat.websocket.server.WsFilter.doFilter(WsFilter.java:52)
	at org.apache.catalina.core.ApplicationFilterChain.internalDoFilter(ApplicationFilterChain.java:193)
	at org.apache.catalina.core.ApplicationFilterChain.doFilter(ApplicationFilterChain.java:166)
	at org.apache.catalina.core.StandardWrapperValve.invoke(StandardWrapperValve.java:199)
	at org.apache.catalina.core.StandardContextValve.invoke(StandardContextValve.java:97)
	at org.apache.catalina.authenticator.AuthenticatorBase.invoke(AuthenticatorBase.java:544)
	at org.apache.catalina.core.StandardHostValve.invoke(StandardHostValve.java:143)
	at org.apache.catalina.valves.ErrorReportValve.invoke(ErrorReportValve.java:81)
	at org.apache.catalina.valves.AbstractAccessLogValve.invoke(AbstractAccessLogValve.java:690)
	at org.apache.catalina.core.StandardEngineValve.invoke(StandardEngineValve.java:78)
	at org.apache.catalina.connector.CoyoteAdapter.service(CoyoteAdapter.java:343)
	at org.apache.coyote.http11.Http11Processor.service(Http11Processor.java:616)
	at org.apache.coyote.AbstractProcessorLight.process(AbstractProcessorLight.java:65)
	at org.apache.coyote.AbstractProtocol$ConnectionHandler.process(AbstractProtocol.java:818)
	at org.apache.tomcat.util.net.NioEndpoint$SocketProcessor.doRun(NioEndpoint.java:1626)
	at org.apache.tomcat.util.net.SocketProcessorBase.run(SocketProcessorBase.java:49)
	at java.util.concurrent.ThreadPoolExecutor.runWorker(ThreadPoolExecutor.java:1149)
	at java.util.concurrent.ThreadPoolExecutor$Worker.run(ThreadPoolExecutor.java:624)
	at org.apache.tomcat.util.threads.TaskThread$WrappingRunnable.run(TaskThread.java:61)
	at java.lang.Thread.run(Thread.java:748)
Caused by: org.apache.tomcat.util.http.fileupload.impl.InvalidContentTypeException: the request doesn't contain a multipart/form-data or multipart/mixed stream, content type header is application/x-www-form-urlencoded; charset=UTF-8
	at org.apache.tomcat.util.http.fileupload.impl.FileItemIteratorImpl.init(FileItemIteratorImpl.java:135)
	at org.apache.tomcat.util.http.fileupload.impl.FileItemIteratorImpl.getMultiPartStream(FileItemIteratorImpl.java:190)
	at org.apache.tomcat.util.http.fileupload.impl.FileItemIteratorImpl.findNextItem(FileItemIteratorImpl.java:209)
	at org.apache.tomcat.util.http.fileupload.impl.FileItemIteratorImpl.<init>(FileItemIteratorImpl.java:127)
	at org.apache.tomcat.util.http.fileupload.FileUploadBase.getItemIterator(FileUploadBase.java:256)
	at org.apache.tomcat.util.http.fileupload.FileUploadBase.parseRequest(FileUploadBase.java:280)
	at org.apache.catalina.connector.Request.parseParts(Request.java:2907)
	... 28 common frames omitted
2021-03-07_18:09:00.005 [http-nio-8181-exec-7] INFO  SendServlet [SendServlet.java:26] - Start sending
2021-03-07_18:09:00.006 [http-nio-8181-exec-7] ERROR SendServlet [SendServlet.java:42] - Processing failed
javax.servlet.ServletException: org.apache.tomcat.util.http.fileupload.impl.InvalidContentTypeException: the request doesn't contain a multipart/form-data or multipart/mixed stream, content type header is application/x-www-form-urlencoded; charset=UTF-8
	at org.apache.catalina.connector.Request.parseParts(Request.java:2948)
	at org.apache.catalina.connector.Request.getParts(Request.java:2810)
	at org.apache.catalina.connector.Request.getPart(Request.java:2979)
	at org.apache.catalina.connector.RequestFacade.getPart(RequestFacade.java:1090)
	at ru.javaops.masterjava.webapp.SendServlet.doPost(SendServlet.java:33)
	at javax.servlet.http.HttpServlet.service(HttpServlet.java:652)
	at javax.servlet.http.HttpServlet.service(HttpServlet.java:733)
	at org.apache.catalina.core.ApplicationFilterChain.internalDoFilter(ApplicationFilterChain.java:231)
	at org.apache.catalina.core.ApplicationFilterChain.doFilter(ApplicationFilterChain.java:166)
	at org.apache.tomcat.websocket.server.WsFilter.doFilter(WsFilter.java:52)
	at org.apache.catalina.core.ApplicationFilterChain.internalDoFilter(ApplicationFilterChain.java:193)
	at org.apache.catalina.core.ApplicationFilterChain.doFilter(ApplicationFilterChain.java:166)
	at org.apache.catalina.core.StandardWrapperValve.invoke(StandardWrapperValve.java:199)
	at org.apache.catalina.core.StandardContextValve.invoke(StandardContextValve.java:97)
	at org.apache.catalina.authenticator.AuthenticatorBase.invoke(AuthenticatorBase.java:544)
	at org.apache.catalina.core.StandardHostValve.invoke(StandardHostValve.java:143)
	at org.apache.catalina.valves.ErrorReportValve.invoke(ErrorReportValve.java:81)
	at org.apache.catalina.valves.AbstractAccessLogValve.invoke(AbstractAccessLogValve.java:690)
	at org.apache.catalina.core.StandardEngineValve.invoke(StandardEngineValve.java:78)
	at org.apache.catalina.connector.CoyoteAdapter.service(CoyoteAdapter.java:343)
	at org.apache.coyote.http11.Http11Processor.service(Http11Processor.java:616)
	at org.apache.coyote.AbstractProcessorLight.process(AbstractProcessorLight.java:65)
	at org.apache.coyote.AbstractProtocol$ConnectionHandler.process(AbstractProtocol.java:818)
	at org.apache.tomcat.util.net.NioEndpoint$SocketProcessor.doRun(NioEndpoint.java:1626)
	at org.apache.tomcat.util.net.SocketProcessorBase.run(SocketProcessorBase.java:49)
	at java.util.concurrent.ThreadPoolExecutor.runWorker(ThreadPoolExecutor.java:1149)
	at java.util.concurrent.ThreadPoolExecutor$Worker.run(ThreadPoolExecutor.java:624)
	at org.apache.tomcat.util.threads.TaskThread$WrappingRunnable.run(TaskThread.java:61)
	at java.lang.Thread.run(Thread.java:748)
Caused by: org.apache.tomcat.util.http.fileupload.impl.InvalidContentTypeException: the request doesn't contain a multipart/form-data or multipart/mixed stream, content type header is application/x-www-form-urlencoded; charset=UTF-8
	at org.apache.tomcat.util.http.fileupload.impl.FileItemIteratorImpl.init(FileItemIteratorImpl.java:135)
	at org.apache.tomcat.util.http.fileupload.impl.FileItemIteratorImpl.getMultiPartStream(FileItemIteratorImpl.java:190)
	at org.apache.tomcat.util.http.fileupload.impl.FileItemIteratorImpl.findNextItem(FileItemIteratorImpl.java:209)
	at org.apache.tomcat.util.http.fileupload.impl.FileItemIteratorImpl.<init>(FileItemIteratorImpl.java:127)
	at org.apache.tomcat.util.http.fileupload.FileUploadBase.getItemIterator(FileUploadBase.java:256)
	at org.apache.tomcat.util.http.fileupload.FileUploadBase.parseRequest(FileUploadBase.java:280)
	at org.apache.catalina.connector.Request.parseParts(Request.java:2907)
	... 28 common frames omitted
2021-03-07_18:20:31.912 [http-nio-8181-exec-2] INFO  DBIProvider [DBIProvider.java:27] - Init jDBI with  JNDI
2021-03-07_18:22:38.069 [http-nio-8181-exec-2] INFO  DBIProvider [DBIProvider.java:27] - Init jDBI with  JNDI
2021-03-07_18:22:46.843 [http-nio-8181-exec-6] INFO  SendServlet [SendServlet.java:26] - Start sending
2021-03-07_18:22:46.860 [http-nio-8181-exec-6] ERROR SendServlet [SendServlet.java:42] - Processing failed
javax.servlet.ServletException: org.apache.tomcat.util.http.fileupload.impl.InvalidContentTypeException: the request doesn't contain a multipart/form-data or multipart/mixed stream, content type header is application/x-www-form-urlencoded; charset=UTF-8
	at org.apache.catalina.connector.Request.parseParts(Request.java:2948)
	at org.apache.catalina.connector.Request.getParts(Request.java:2810)
	at org.apache.catalina.connector.Request.getPart(Request.java:2979)
	at org.apache.catalina.connector.RequestFacade.getPart(RequestFacade.java:1090)
	at ru.javaops.masterjava.webapp.SendServlet.doPost(SendServlet.java:33)
	at javax.servlet.http.HttpServlet.service(HttpServlet.java:652)
	at javax.servlet.http.HttpServlet.service(HttpServlet.java:733)
	at org.apache.catalina.core.ApplicationFilterChain.internalDoFilter(ApplicationFilterChain.java:231)
	at org.apache.catalina.core.ApplicationFilterChain.doFilter(ApplicationFilterChain.java:166)
	at org.apache.tomcat.websocket.server.WsFilter.doFilter(WsFilter.java:52)
	at org.apache.catalina.core.ApplicationFilterChain.internalDoFilter(ApplicationFilterChain.java:193)
	at org.apache.catalina.core.ApplicationFilterChain.doFilter(ApplicationFilterChain.java:166)
	at org.apache.catalina.core.StandardWrapperValve.invoke(StandardWrapperValve.java:199)
	at org.apache.catalina.core.StandardContextValve.invoke(StandardContextValve.java:97)
	at org.apache.catalina.authenticator.AuthenticatorBase.invoke(AuthenticatorBase.java:544)
	at org.apache.catalina.core.StandardHostValve.invoke(StandardHostValve.java:143)
	at org.apache.catalina.valves.ErrorReportValve.invoke(ErrorReportValve.java:81)
	at org.apache.catalina.valves.AbstractAccessLogValve.invoke(AbstractAccessLogValve.java:690)
	at org.apache.catalina.core.StandardEngineValve.invoke(StandardEngineValve.java:78)
	at org.apache.catalina.connector.CoyoteAdapter.service(CoyoteAdapter.java:343)
	at org.apache.coyote.http11.Http11Processor.service(Http11Processor.java:616)
	at org.apache.coyote.AbstractProcessorLight.process(AbstractProcessorLight.java:65)
	at org.apache.coyote.AbstractProtocol$ConnectionHandler.process(AbstractProtocol.java:818)
	at org.apache.tomcat.util.net.NioEndpoint$SocketProcessor.doRun(NioEndpoint.java:1626)
	at org.apache.tomcat.util.net.SocketProcessorBase.run(SocketProcessorBase.java:49)
	at java.util.concurrent.ThreadPoolExecutor.runWorker(ThreadPoolExecutor.java:1149)
	at java.util.concurrent.ThreadPoolExecutor$Worker.run(ThreadPoolExecutor.java:624)
	at org.apache.tomcat.util.threads.TaskThread$WrappingRunnable.run(TaskThread.java:61)
	at java.lang.Thread.run(Thread.java:748)
Caused by: org.apache.tomcat.util.http.fileupload.impl.InvalidContentTypeException: the request doesn't contain a multipart/form-data or multipart/mixed stream, content type header is application/x-www-form-urlencoded; charset=UTF-8
	at org.apache.tomcat.util.http.fileupload.impl.FileItemIteratorImpl.init(FileItemIteratorImpl.java:135)
	at org.apache.tomcat.util.http.fileupload.impl.FileItemIteratorImpl.getMultiPartStream(FileItemIteratorImpl.java:190)
	at org.apache.tomcat.util.http.fileupload.impl.FileItemIteratorImpl.findNextItem(FileItemIteratorImpl.java:209)
	at org.apache.tomcat.util.http.fileupload.impl.FileItemIteratorImpl.<init>(FileItemIteratorImpl.java:127)
	at org.apache.tomcat.util.http.fileupload.FileUploadBase.getItemIterator(FileUploadBase.java:256)
	at org.apache.tomcat.util.http.fileupload.FileUploadBase.parseRequest(FileUploadBase.java:280)
	at org.apache.catalina.connector.Request.parseParts(Request.java:2907)
	... 28 common frames omitted
2021-03-07_18:25:09.566 [http-nio-8181-exec-2] INFO  DBIProvider [DBIProvider.java:27] - Init jDBI with  JNDI
2021-03-07_18:25:16.647 [http-nio-8181-exec-7] INFO  SendServlet [SendServlet.java:26] - Start sending
2021-03-07_18:25:16.663 [http-nio-8181-exec-7] ERROR SendServlet [SendServlet.java:42] - Processing failed
javax.servlet.ServletException: org.apache.tomcat.util.http.fileupload.impl.InvalidContentTypeException: the request doesn't contain a multipart/form-data or multipart/mixed stream, content type header is application/x-www-form-urlencoded; charset=UTF-8
	at org.apache.catalina.connector.Request.parseParts(Request.java:2948)
	at org.apache.catalina.connector.Request.getParts(Request.java:2810)
	at org.apache.catalina.connector.Request.getPart(Request.java:2979)
	at org.apache.catalina.connector.RequestFacade.getPart(RequestFacade.java:1090)
	at ru.javaops.masterjava.webapp.SendServlet.doPost(SendServlet.java:33)
	at javax.servlet.http.HttpServlet.service(HttpServlet.java:652)
	at javax.servlet.http.HttpServlet.service(HttpServlet.java:733)
	at org.apache.catalina.core.ApplicationFilterChain.internalDoFilter(ApplicationFilterChain.java:231)
	at org.apache.catalina.core.ApplicationFilterChain.doFilter(ApplicationFilterChain.java:166)
	at org.apache.tomcat.websocket.server.WsFilter.doFilter(WsFilter.java:52)
	at org.apache.catalina.core.ApplicationFilterChain.internalDoFilter(ApplicationFilterChain.java:193)
	at org.apache.catalina.core.ApplicationFilterChain.doFilter(ApplicationFilterChain.java:166)
	at org.apache.catalina.core.StandardWrapperValve.invoke(StandardWrapperValve.java:199)
	at org.apache.catalina.core.StandardContextValve.invoke(StandardContextValve.java:97)
	at org.apache.catalina.authenticator.AuthenticatorBase.invoke(AuthenticatorBase.java:544)
	at org.apache.catalina.core.StandardHostValve.invoke(StandardHostValve.java:143)
	at org.apache.catalina.valves.ErrorReportValve.invoke(ErrorReportValve.java:81)
	at org.apache.catalina.valves.AbstractAccessLogValve.invoke(AbstractAccessLogValve.java:690)
	at org.apache.catalina.core.StandardEngineValve.invoke(StandardEngineValve.java:78)
	at org.apache.catalina.connector.CoyoteAdapter.service(CoyoteAdapter.java:343)
	at org.apache.coyote.http11.Http11Processor.service(Http11Processor.java:616)
	at org.apache.coyote.AbstractProcessorLight.process(AbstractProcessorLight.java:65)
	at org.apache.coyote.AbstractProtocol$ConnectionHandler.process(AbstractProtocol.java:818)
	at org.apache.tomcat.util.net.NioEndpoint$SocketProcessor.doRun(NioEndpoint.java:1626)
	at org.apache.tomcat.util.net.SocketProcessorBase.run(SocketProcessorBase.java:49)
	at java.util.concurrent.ThreadPoolExecutor.runWorker(ThreadPoolExecutor.java:1149)
	at java.util.concurrent.ThreadPoolExecutor$Worker.run(ThreadPoolExecutor.java:624)
	at org.apache.tomcat.util.threads.TaskThread$WrappingRunnable.run(TaskThread.java:61)
	at java.lang.Thread.run(Thread.java:748)
Caused by: org.apache.tomcat.util.http.fileupload.impl.InvalidContentTypeException: the request doesn't contain a multipart/form-data or multipart/mixed stream, content type header is application/x-www-form-urlencoded; charset=UTF-8
	at org.apache.tomcat.util.http.fileupload.impl.FileItemIteratorImpl.init(FileItemIteratorImpl.java:135)
	at org.apache.tomcat.util.http.fileupload.impl.FileItemIteratorImpl.getMultiPartStream(FileItemIteratorImpl.java:190)
	at org.apache.tomcat.util.http.fileupload.impl.FileItemIteratorImpl.findNextItem(FileItemIteratorImpl.java:209)
	at org.apache.tomcat.util.http.fileupload.impl.FileItemIteratorImpl.<init>(FileItemIteratorImpl.java:127)
	at org.apache.tomcat.util.http.fileupload.FileUploadBase.getItemIterator(FileUploadBase.java:256)
	at org.apache.tomcat.util.http.fileupload.FileUploadBase.parseRequest(FileUploadBase.java:280)
	at org.apache.catalina.connector.Request.parseParts(Request.java:2907)
	... 28 common frames omitted
2021-03-07_18:28:07.214 [http-nio-8181-exec-2] INFO  DBIProvider [DBIProvider.java:27] - Init jDBI with  JNDI
2021-03-07_18:28:12.645 [http-nio-8181-exec-6] INFO  SendServlet [SendServlet.java:26] - Start sending
2021-03-07_18:28:12.660 [http-nio-8181-exec-6] ERROR SendServlet [SendServlet.java:42] - Processing failed
javax.servlet.ServletException: org.apache.tomcat.util.http.fileupload.impl.InvalidContentTypeException: the request doesn't contain a multipart/form-data or multipart/mixed stream, content type header is application/x-www-form-urlencoded; charset=UTF-8
	at org.apache.catalina.connector.Request.parseParts(Request.java:2948)
	at org.apache.catalina.connector.Request.getParts(Request.java:2810)
	at org.apache.catalina.connector.Request.getPart(Request.java:2979)
	at org.apache.catalina.connector.RequestFacade.getPart(RequestFacade.java:1090)
	at ru.javaops.masterjava.webapp.SendServlet.doPost(SendServlet.java:33)
	at javax.servlet.http.HttpServlet.service(HttpServlet.java:652)
	at javax.servlet.http.HttpServlet.service(HttpServlet.java:733)
	at org.apache.catalina.core.ApplicationFilterChain.internalDoFilter(ApplicationFilterChain.java:231)
	at org.apache.catalina.core.ApplicationFilterChain.doFilter(ApplicationFilterChain.java:166)
	at org.apache.tomcat.websocket.server.WsFilter.doFilter(WsFilter.java:52)
	at org.apache.catalina.core.ApplicationFilterChain.internalDoFilter(ApplicationFilterChain.java:193)
	at org.apache.catalina.core.ApplicationFilterChain.doFilter(ApplicationFilterChain.java:166)
	at org.apache.catalina.core.StandardWrapperValve.invoke(StandardWrapperValve.java:199)
	at org.apache.catalina.core.StandardContextValve.invoke(StandardContextValve.java:97)
	at org.apache.catalina.authenticator.AuthenticatorBase.invoke(AuthenticatorBase.java:544)
	at org.apache.catalina.core.StandardHostValve.invoke(StandardHostValve.java:143)
	at org.apache.catalina.valves.ErrorReportValve.invoke(ErrorReportValve.java:81)
	at org.apache.catalina.valves.AbstractAccessLogValve.invoke(AbstractAccessLogValve.java:690)
	at org.apache.catalina.core.StandardEngineValve.invoke(StandardEngineValve.java:78)
	at org.apache.catalina.connector.CoyoteAdapter.service(CoyoteAdapter.java:343)
	at org.apache.coyote.http11.Http11Processor.service(Http11Processor.java:616)
	at org.apache.coyote.AbstractProcessorLight.process(AbstractProcessorLight.java:65)
	at org.apache.coyote.AbstractProtocol$ConnectionHandler.process(AbstractProtocol.java:818)
	at org.apache.tomcat.util.net.NioEndpoint$SocketProcessor.doRun(NioEndpoint.java:1626)
	at org.apache.tomcat.util.net.SocketProcessorBase.run(SocketProcessorBase.java:49)
	at java.util.concurrent.ThreadPoolExecutor.runWorker(ThreadPoolExecutor.java:1149)
	at java.util.concurrent.ThreadPoolExecutor$Worker.run(ThreadPoolExecutor.java:624)
	at org.apache.tomcat.util.threads.TaskThread$WrappingRunnable.run(TaskThread.java:61)
	at java.lang.Thread.run(Thread.java:748)
Caused by: org.apache.tomcat.util.http.fileupload.impl.InvalidContentTypeException: the request doesn't contain a multipart/form-data or multipart/mixed stream, content type header is application/x-www-form-urlencoded; charset=UTF-8
	at org.apache.tomcat.util.http.fileupload.impl.FileItemIteratorImpl.init(FileItemIteratorImpl.java:135)
	at org.apache.tomcat.util.http.fileupload.impl.FileItemIteratorImpl.getMultiPartStream(FileItemIteratorImpl.java:190)
	at org.apache.tomcat.util.http.fileupload.impl.FileItemIteratorImpl.findNextItem(FileItemIteratorImpl.java:209)
	at org.apache.tomcat.util.http.fileupload.impl.FileItemIteratorImpl.<init>(FileItemIteratorImpl.java:127)
	at org.apache.tomcat.util.http.fileupload.FileUploadBase.getItemIterator(FileUploadBase.java:256)
	at org.apache.tomcat.util.http.fileupload.FileUploadBase.parseRequest(FileUploadBase.java:280)
	at org.apache.catalina.connector.Request.parseParts(Request.java:2907)
	... 28 common frames omitted
2021-03-07_18:31:51.698 [http-nio-8181-exec-2] INFO  DBIProvider [DBIProvider.java:27] - Init jDBI with  JNDI
2021-03-07_18:33:09.700 [http-nio-8181-exec-3] INFO  DBIProvider [DBIProvider.java:27] - Init jDBI with  JNDI
2021-03-07_18:37:10.346 [http-nio-8181-exec-2] INFO  DBIProvider [DBIProvider.java:27] - Init jDBI with  JNDI
2021-03-07_18:48:51.381 [http-nio-8181-exec-2] INFO  DBIProvider [DBIProvider.java:27] - Init jDBI with  JNDI
2021-03-07_18:51:48.958 [http-nio-8181-exec-2] INFO  DBIProvider [DBIProvider.java:27] - Init jDBI with  JNDI
2021-03-07_18:53:29.618 [http-nio-8181-exec-2] INFO  DBIProvider [DBIProvider.java:27] - Init jDBI with  JNDI
2021-03-07_19:04:13.233 [http-nio-8181-exec-2] INFO  DBIProvider [DBIProvider.java:27] - Init jDBI with  JNDI
2021-03-07_19:06:49.900 [http-nio-8181-exec-2] INFO  DBIProvider [DBIProvider.java:27] - Init jDBI with  JNDI
2021-03-07_19:07:00.689 [http-nio-8181-exec-6] INFO  SendServlet [SendServlet.java:26] - Start sending
2021-03-07_19:07:00.715 [http-nio-8181-exec-6] ERROR SendServlet [SendServlet.java:42] - Processing failed
java.lang.NullPointerException: null
	at ru.javaops.masterjava.webapp.SendServlet.doPost(SendServlet.java:35)
	at javax.servlet.http.HttpServlet.service(HttpServlet.java:652)
	at javax.servlet.http.HttpServlet.service(HttpServlet.java:733)
	at org.apache.catalina.core.ApplicationFilterChain.internalDoFilter(ApplicationFilterChain.java:231)
	at org.apache.catalina.core.ApplicationFilterChain.doFilter(ApplicationFilterChain.java:166)
	at org.apache.tomcat.websocket.server.WsFilter.doFilter(WsFilter.java:52)
	at org.apache.catalina.core.ApplicationFilterChain.internalDoFilter(ApplicationFilterChain.java:193)
	at org.apache.catalina.core.ApplicationFilterChain.doFilter(ApplicationFilterChain.java:166)
	at org.apache.catalina.core.StandardWrapperValve.invoke(StandardWrapperValve.java:199)
	at org.apache.catalina.core.StandardContextValve.invoke(StandardContextValve.java:97)
	at org.apache.catalina.authenticator.AuthenticatorBase.invoke(AuthenticatorBase.java:544)
	at org.apache.catalina.core.StandardHostValve.invoke(StandardHostValve.java:143)
	at org.apache.catalina.valves.ErrorReportValve.invoke(ErrorReportValve.java:81)
	at org.apache.catalina.valves.AbstractAccessLogValve.invoke(AbstractAccessLogValve.java:690)
	at org.apache.catalina.core.StandardEngineValve.invoke(StandardEngineValve.java:78)
	at org.apache.catalina.connector.CoyoteAdapter.service(CoyoteAdapter.java:343)
	at org.apache.coyote.http11.Http11Processor.service(Http11Processor.java:616)
	at org.apache.coyote.AbstractProcessorLight.process(AbstractProcessorLight.java:65)
	at org.apache.coyote.AbstractProtocol$ConnectionHandler.process(AbstractProtocol.java:818)
	at org.apache.tomcat.util.net.NioEndpoint$SocketProcessor.doRun(NioEndpoint.java:1626)
	at org.apache.tomcat.util.net.SocketProcessorBase.run(SocketProcessorBase.java:49)
	at java.util.concurrent.ThreadPoolExecutor.runWorker(ThreadPoolExecutor.java:1149)
	at java.util.concurrent.ThreadPoolExecutor$Worker.run(ThreadPoolExecutor.java:624)
	at org.apache.tomcat.util.threads.TaskThread$WrappingRunnable.run(TaskThread.java:61)
	at java.lang.Thread.run(Thread.java:748)
2021-03-07_19:09:24.087 [http-nio-8181-exec-2] INFO  DBIProvider [DBIProvider.java:27] - Init jDBI with  JNDI
2021-03-07_19:09:38.194 [http-nio-8181-exec-7] INFO  SendServlet [SendServlet.java:26] - Start sending
2021-03-07_19:14:28.545 [http-nio-8181-exec-7] ERROR SendServlet [SendServlet.java:42] - Processing failed
java.lang.NullPointerException: null
	at ru.javaops.masterjava.webapp.SendServlet.doPost(SendServlet.java:35)
	at javax.servlet.http.HttpServlet.service(HttpServlet.java:652)
	at javax.servlet.http.HttpServlet.service(HttpServlet.java:733)
	at org.apache.catalina.core.ApplicationFilterChain.internalDoFilter(ApplicationFilterChain.java:231)
	at org.apache.catalina.core.ApplicationFilterChain.doFilter(ApplicationFilterChain.java:166)
	at org.apache.tomcat.websocket.server.WsFilter.doFilter(WsFilter.java:52)
	at org.apache.catalina.core.ApplicationFilterChain.internalDoFilter(ApplicationFilterChain.java:193)
	at org.apache.catalina.core.ApplicationFilterChain.doFilter(ApplicationFilterChain.java:166)
	at org.apache.catalina.core.StandardWrapperValve.invoke(StandardWrapperValve.java:199)
	at org.apache.catalina.core.StandardContextValve.invoke(StandardContextValve.java:97)
	at org.apache.catalina.authenticator.AuthenticatorBase.invoke(AuthenticatorBase.java:544)
	at org.apache.catalina.core.StandardHostValve.invoke(StandardHostValve.java:143)
	at org.apache.catalina.valves.ErrorReportValve.invoke(ErrorReportValve.java:81)
	at org.apache.catalina.valves.AbstractAccessLogValve.invoke(AbstractAccessLogValve.java:690)
	at org.apache.catalina.core.StandardEngineValve.invoke(StandardEngineValve.java:78)
	at org.apache.catalina.connector.CoyoteAdapter.service(CoyoteAdapter.java:343)
	at org.apache.coyote.http11.Http11Processor.service(Http11Processor.java:616)
	at org.apache.coyote.AbstractProcessorLight.process(AbstractProcessorLight.java:65)
	at org.apache.coyote.AbstractProtocol$ConnectionHandler.process(AbstractProtocol.java:818)
	at org.apache.tomcat.util.net.NioEndpoint$SocketProcessor.doRun(NioEndpoint.java:1626)
	at org.apache.tomcat.util.net.SocketProcessorBase.run(SocketProcessorBase.java:49)
	at java.util.concurrent.ThreadPoolExecutor.runWorker(ThreadPoolExecutor.java:1149)
	at java.util.concurrent.ThreadPoolExecutor$Worker.run(ThreadPoolExecutor.java:624)
	at org.apache.tomcat.util.threads.TaskThread$WrappingRunnable.run(TaskThread.java:61)
	at java.lang.Thread.run(Thread.java:748)
2021-03-07_19:15:42.256 [http-nio-8181-exec-2] INFO  DBIProvider [DBIProvider.java:27] - Init jDBI with  JNDI
2021-03-07_19:17:11.825 [http-nio-8181-exec-2] INFO  DBIProvider [DBIProvider.java:27] - Init jDBI with  JNDI
2021-03-07_19:17:21.975 [http-nio-8181-exec-6] INFO  SendServlet [SendServlet.java:26] - Start sending
2021-03-07_19:17:33.249 [http-nio-8181-exec-6] ERROR SendServlet [SendServlet.java:42] - Processing failed
java.lang.NullPointerException: null
	at ru.javaops.masterjava.webapp.SendServlet.doPost(SendServlet.java:35)
	at javax.servlet.http.HttpServlet.service(HttpServlet.java:652)
	at javax.servlet.http.HttpServlet.service(HttpServlet.java:733)
	at org.apache.catalina.core.ApplicationFilterChain.internalDoFilter(ApplicationFilterChain.java:231)
	at org.apache.catalina.core.ApplicationFilterChain.doFilter(ApplicationFilterChain.java:166)
	at org.apache.tomcat.websocket.server.WsFilter.doFilter(WsFilter.java:52)
	at org.apache.catalina.core.ApplicationFilterChain.internalDoFilter(ApplicationFilterChain.java:193)
	at org.apache.catalina.core.ApplicationFilterChain.doFilter(ApplicationFilterChain.java:166)
	at org.apache.catalina.core.StandardWrapperValve.invoke(StandardWrapperValve.java:199)
	at org.apache.catalina.core.StandardContextValve.invoke(StandardContextValve.java:97)
	at org.apache.catalina.authenticator.AuthenticatorBase.invoke(AuthenticatorBase.java:544)
	at org.apache.catalina.core.StandardHostValve.invoke(StandardHostValve.java:143)
	at org.apache.catalina.valves.ErrorReportValve.invoke(ErrorReportValve.java:81)
	at org.apache.catalina.valves.AbstractAccessLogValve.invoke(AbstractAccessLogValve.java:690)
	at org.apache.catalina.core.StandardEngineValve.invoke(StandardEngineValve.java:78)
	at org.apache.catalina.connector.CoyoteAdapter.service(CoyoteAdapter.java:343)
	at org.apache.coyote.http11.Http11Processor.service(Http11Processor.java:616)
	at org.apache.coyote.AbstractProcessorLight.process(AbstractProcessorLight.java:65)
	at org.apache.coyote.AbstractProtocol$ConnectionHandler.process(AbstractProtocol.java:818)
	at org.apache.tomcat.util.net.NioEndpoint$SocketProcessor.doRun(NioEndpoint.java:1626)
	at org.apache.tomcat.util.net.SocketProcessorBase.run(SocketProcessorBase.java:49)
	at java.util.concurrent.ThreadPoolExecutor.runWorker(ThreadPoolExecutor.java:1149)
	at java.util.concurrent.ThreadPoolExecutor$Worker.run(ThreadPoolExecutor.java:624)
	at org.apache.tomcat.util.threads.TaskThread$WrappingRunnable.run(TaskThread.java:61)
	at java.lang.Thread.run(Thread.java:748)
2021-03-07_19:18:04.844 [http-nio-8181-exec-9] INFO  SendServlet [SendServlet.java:26] - Start sending
2021-03-07_19:19:15.904 [http-nio-8181-exec-9] ERROR SendServlet [SendServlet.java:42] - Processing failed
java.lang.NullPointerException: null
	at ru.javaops.masterjava.webapp.SendServlet.doPost(SendServlet.java:35)
	at javax.servlet.http.HttpServlet.service(HttpServlet.java:652)
	at javax.servlet.http.HttpServlet.service(HttpServlet.java:733)
	at org.apache.catalina.core.ApplicationFilterChain.internalDoFilter(ApplicationFilterChain.java:231)
	at org.apache.catalina.core.ApplicationFilterChain.doFilter(ApplicationFilterChain.java:166)
	at org.apache.tomcat.websocket.server.WsFilter.doFilter(WsFilter.java:52)
	at org.apache.catalina.core.ApplicationFilterChain.internalDoFilter(ApplicationFilterChain.java:193)
	at org.apache.catalina.core.ApplicationFilterChain.doFilter(ApplicationFilterChain.java:166)
	at org.apache.catalina.core.StandardWrapperValve.invoke(StandardWrapperValve.java:199)
	at org.apache.catalina.core.StandardContextValve.invoke(StandardContextValve.java:97)
	at org.apache.catalina.authenticator.AuthenticatorBase.invoke(AuthenticatorBase.java:544)
	at org.apache.catalina.core.StandardHostValve.invoke(StandardHostValve.java:143)
	at org.apache.catalina.valves.ErrorReportValve.invoke(ErrorReportValve.java:81)
	at org.apache.catalina.valves.AbstractAccessLogValve.invoke(AbstractAccessLogValve.java:690)
	at org.apache.catalina.core.StandardEngineValve.invoke(StandardEngineValve.java:78)
	at org.apache.catalina.connector.CoyoteAdapter.service(CoyoteAdapter.java:343)
	at org.apache.coyote.http11.Http11Processor.service(Http11Processor.java:616)
	at org.apache.coyote.AbstractProcessorLight.process(AbstractProcessorLight.java:65)
	at org.apache.coyote.AbstractProtocol$ConnectionHandler.process(AbstractProtocol.java:818)
	at org.apache.tomcat.util.net.NioEndpoint$SocketProcessor.doRun(NioEndpoint.java:1626)
	at org.apache.tomcat.util.net.SocketProcessorBase.run(SocketProcessorBase.java:49)
	at java.util.concurrent.ThreadPoolExecutor.runWorker(ThreadPoolExecutor.java:1149)
	at java.util.concurrent.ThreadPoolExecutor$Worker.run(ThreadPoolExecutor.java:624)
	at org.apache.tomcat.util.threads.TaskThread$WrappingRunnable.run(TaskThread.java:61)
	at java.lang.Thread.run(Thread.java:748)
2021-03-07_19:23:55.789 [http-nio-8181-exec-2] INFO  DBIProvider [DBIProvider.java:27] - Init jDBI with  JNDI
2021-03-07_19:32:51.582 [http-nio-8181-exec-2] INFO  DBIProvider [DBIProvider.java:27] - Init jDBI with  JNDI
2021-03-07_19:33:02.820 [http-nio-8181-exec-6] INFO  SendServlet [SendServlet.java:26] - Start sending
2021-03-07_19:34:57.435 [http-nio-8181-exec-6] INFO  MailWSClient [MailWSClient.java:35] - Send bulk to '[Admin <admin@javaops.ru>, Deleted <deleted@yandex.ru>]' subject 'subj
2021-03-07_19:35:28.715 [http-nio-8181-exec-6] ERROR SendServlet [SendServlet.java:42] - Processing failed
com.sun.xml.ws.client.ClientTransportException: The server sent HTTP status code 500: null
	at com.sun.xml.ws.transport.http.client.HttpTransportPipe.createResponsePacket(HttpTransportPipe.java:288)
	at com.sun.xml.ws.transport.http.client.HttpTransportPipe.process(HttpTransportPipe.java:232)
	at com.sun.xml.ws.transport.http.client.HttpTransportPipe.processRequest(HttpTransportPipe.java:145)
	at com.sun.xml.ws.transport.DeferredTransportPipe.processRequest(DeferredTransportPipe.java:139)
	at com.sun.xml.ws.api.pipe.Fiber.__doRun(Fiber.java:1136)
	at com.sun.xml.ws.api.pipe.Fiber._doRun(Fiber.java:1050)
	at com.sun.xml.ws.api.pipe.Fiber.doRun(Fiber.java:1019)
	at com.sun.xml.ws.api.pipe.Fiber.runSync(Fiber.java:877)
	at com.sun.xml.ws.client.Stub.process(Stub.java:463)
	at com.sun.xml.ws.client.sei.SEIStub.doProcess(SEIStub.java:191)
	at com.sun.xml.ws.client.sei.SyncMethodHandler.invoke(SyncMethodHandler.java:108)
	at com.sun.xml.ws.client.sei.SyncMethodHandler.invoke(SyncMethodHandler.java:92)
	at com.sun.xml.ws.client.sei.SEIStub.invoke(SEIStub.java:161)
	at com.sun.proxy.$Proxy51.sendBulk(Unknown Source)
	at ru.javaops.masterjava.service.mail.MailWSClient.sendBulk(MailWSClient.java:36)
	at ru.javaops.masterjava.webapp.SendServlet.doPost(SendServlet.java:38)
	at javax.servlet.http.HttpServlet.service(HttpServlet.java:652)
	at javax.servlet.http.HttpServlet.service(HttpServlet.java:733)
	at org.apache.catalina.core.ApplicationFilterChain.internalDoFilter(ApplicationFilterChain.java:231)
	at org.apache.catalina.core.ApplicationFilterChain.doFilter(ApplicationFilterChain.java:166)
	at org.apache.tomcat.websocket.server.WsFilter.doFilter(WsFilter.java:52)
	at org.apache.catalina.core.ApplicationFilterChain.internalDoFilter(ApplicationFilterChain.java:193)
	at org.apache.catalina.core.ApplicationFilterChain.doFilter(ApplicationFilterChain.java:166)
	at org.apache.catalina.core.StandardWrapperValve.invoke(StandardWrapperValve.java:199)
	at org.apache.catalina.core.StandardContextValve.invoke(StandardContextValve.java:97)
	at org.apache.catalina.authenticator.AuthenticatorBase.invoke(AuthenticatorBase.java:544)
	at org.apache.catalina.core.StandardHostValve.invoke(StandardHostValve.java:143)
	at org.apache.catalina.valves.ErrorReportValve.invoke(ErrorReportValve.java:81)
	at org.apache.catalina.valves.AbstractAccessLogValve.invoke(AbstractAccessLogValve.java:690)
	at org.apache.catalina.core.StandardEngineValve.invoke(StandardEngineValve.java:78)
	at org.apache.catalina.connector.CoyoteAdapter.service(CoyoteAdapter.java:343)
	at org.apache.coyote.http11.Http11Processor.service(Http11Processor.java:616)
	at org.apache.coyote.AbstractProcessorLight.process(AbstractProcessorLight.java:65)
	at org.apache.coyote.AbstractProtocol$ConnectionHandler.process(AbstractProtocol.java:818)
	at org.apache.tomcat.util.net.NioEndpoint$SocketProcessor.doRun(NioEndpoint.java:1626)
	at org.apache.tomcat.util.net.SocketProcessorBase.run(SocketProcessorBase.java:49)
	at java.util.concurrent.ThreadPoolExecutor.runWorker(ThreadPoolExecutor.java:1149)
	at java.util.concurrent.ThreadPoolExecutor$Worker.run(ThreadPoolExecutor.java:624)
	at org.apache.tomcat.util.threads.TaskThread$WrappingRunnable.run(TaskThread.java:61)
	at java.lang.Thread.run(Thread.java:748)
2021-03-07_19:48:36.767 [http-nio-8181-exec-2] INFO  DBIProvider [DBIProvider.java:27] - Init jDBI with  JNDI
2021-03-07_19:48:47.086 [http-nio-8181-exec-6] INFO  SendServlet [SendServlet.java:26] - Start sending
2021-03-07_19:48:47.515 [http-nio-8181-exec-6] INFO  MailWSClient [MailWSClient.java:35] - Send bulk to '[Admin <admin@javaops.ru>]' subject 'subj
2021-03-07_20:16:14.558 [http-nio-8181-exec-9] INFO  SendServlet [SendServlet.java:26] - Start sending
2021-03-07_20:16:14.560 [http-nio-8181-exec-9] INFO  MailWSClient [MailWSClient.java:35] - Send bulk to '[ivan <ipodskochin@mail.ru>]' subject 'subj
2021-03-07_21:39:13.996 [http-nio-8181-exec-1] INFO  SendServlet [SendServlet.java:26] - Start sending
2021-03-07_21:39:13.998 [http-nio-8181-exec-1] INFO  MailWSClient [MailWSClient.java:35] - Send bulk to '[ivan <ipodskochin@mail.ru>]' subject 'subj
2021-03-07_21:46:45.016 [http-nio-8181-exec-2] INFO  SendServlet [SendServlet.java:26] - Start sending
2021-03-07_21:46:45.017 [http-nio-8181-exec-2] INFO  MailWSClient [MailWSClient.java:35] - Send bulk to '[ivan <ipodskochin@mail.ru>]' subject 'subj
2021-03-07_21:48:46.062 [http-nio-8181-exec-4] INFO  SendServlet [SendServlet.java:26] - Start sending
2021-03-07_21:48:46.064 [http-nio-8181-exec-4] INFO  MailWSClient [MailWSClient.java:35] - Send bulk to '[ivan <ipodskochin@mail.ru>]' subject 'subj
2021-03-07_22:03:12.863 [http-nio-8181-exec-8] INFO  SendServlet [SendServlet.java:26] - Start sending
2021-03-07_22:03:12.864 [http-nio-8181-exec-8] INFO  MailWSClient [MailWSClient.java:35] - Send bulk to '[ivan <ipodskochin@mail.ru>]' subject 'subj
2021-03-07_22:03:36.925 [http-nio-8181-exec-10] INFO  SendServlet [SendServlet.java:26] - Start sending
2021-03-07_22:03:36.926 [http-nio-8181-exec-10] INFO  MailWSClient [MailWSClient.java:35] - Send bulk to '[ivan <ipodskochin@mail.ru>]' subject 'subj
2021-03-07_22:04:17.209 [http-nio-8181-exec-1] INFO  SendServlet [SendServlet.java:26] - Start sending
2021-03-07_22:04:17.211 [http-nio-8181-exec-1] INFO  MailWSClient [MailWSClient.java:35] - Send bulk to '[ivan <ipodskochin@mail.ru>]' subject 'subj
2021-03-07_22:06:13.573 [http-nio-8181-exec-2] INFO  SendServlet [SendServlet.java:26] - Start sending
2021-03-07_22:06:13.574 [http-nio-8181-exec-2] INFO  MailWSClient [MailWSClient.java:35] - Send bulk to '[ivan <ipodskochin@mail.ru>]' subject 'subj
2021-03-07_22:06:51.645 [http-nio-8181-exec-4] INFO  SendServlet [SendServlet.java:26] - Start sending
2021-03-07_22:06:51.647 [http-nio-8181-exec-4] INFO  MailWSClient [MailWSClient.java:35] - Send bulk to '[ivan <ipodskochin@mail.ru>]' subject 'subj
2021-03-07_22:10:22.623 [http-nio-8181-exec-2] INFO  DBIProvider [DBIProvider.java:27] - Init jDBI with  JNDI
2021-03-07_22:10:42.090 [http-nio-8181-exec-6] INFO  SendServlet [SendServlet.java:26] - Start sending
2021-03-07_22:13:32.109 [http-nio-8181-exec-6] INFO  MailWSClient [MailWSClient.java:35] - Send bulk to '[ivan <ipodskochin@mail.ru>]' subject 'subj
2021-03-07_22:15:43.941 [http-nio-8181-exec-2] INFO  DBIProvider [DBIProvider.java:27] - Init jDBI with  JNDI
2021-03-07_22:15:58.359 [http-nio-8181-exec-6] INFO  SendServlet [SendServlet.java:27] - Start sending
2021-03-07_22:15:58.798 [http-nio-8181-exec-6] INFO  MailWSClient [MailWSClient.java:35] - Send bulk to '[ivan <ipodskochin@mail.ru>]' subject 'subj
2021-03-07_22:17:05.108 [http-nio-8181-exec-8] INFO  SendServlet [SendServlet.java:27] - Start sending
2021-03-07_22:17:05.110 [http-nio-8181-exec-8] INFO  MailWSClient [MailWSClient.java:35] - Send bulk to '[ivan <ipodskochin@mail.ru>]' subject 'subj
2021-03-07_22:17:21.568 [http-nio-8181-exec-9] INFO  SendServlet [SendServlet.java:27] - Start sending
2021-03-07_22:17:21.569 [http-nio-8181-exec-9] INFO  MailWSClient [MailWSClient.java:35] - Send bulk to '[ivan <ipodskochin@mail.ru>]' subject 'subj
