2021-02-28_20:02:25.592 [http-nio-8080-exec-3] INFO  DBIProvider [DBIProvider.java:27] - Init jDBI with  JNDI
2021-02-28_20:28:35.303 [http-nio-8080-exec-2] INFO  DBIProvider [DBIProvider.java:27] - Init jDBI with  JNDI
2021-02-28_20:37:41.989 [http-nio-8080-exec-2] INFO  DBIProvider [DBIProvider.java:27] - Init jDBI with  JNDI
2021-02-28_20:47:56.276 [http-nio-8080-exec-2] INFO  DBIProvider [DBIProvider.java:27] - Init jDBI with  JNDI
2021-02-28_20:48:33.288 [http-nio-8080-exec-8] INFO  MailServlet [MailServlet.java:35] - To: null Subject: null Body: null
2021-02-28_20:50:02.649 [http-nio-8080-exec-2] INFO  DBIProvider [DBIProvider.java:27] - Init jDBI with  JNDI
2021-02-28_20:53:25.743 [http-nio-8080-exec-8] INFO  MailServlet [MailServlet.java:35] - To: null Subject: null Body: null
2021-02-28_20:54:14.186 [http-nio-8080-exec-1] INFO  DBIProvider [DBIProvider.java:27] - Init jDBI with  JNDI
2021-02-28_20:54:35.543 [http-nio-8080-exec-7] INFO  MailServlet [MailServlet.java:35] - To: null Subject: subj Body: 123
2021-02-28_20:55:28.368 [http-nio-8080-exec-1] INFO  DBIProvider [DBIProvider.java:27] - Init jDBI with  JNDI
2021-02-28_21:01:42.616 [http-nio-8080-exec-4] INFO  MailServlet [MailServlet.java:35] - To: null Subject: subj Body: 123
2021-02-28_21:04:00.526 [http-nio-8080-exec-1] INFO  DBIProvider [DBIProvider.java:27] - Init jDBI with  JNDI
2021-02-28_21:04:05.833 [http-nio-8080-exec-4] INFO  MailServlet [MailServlet.java:35] - To: admin@javaops.ru Subject: subj Body: 123
2021-02-28_21:04:33.157 [http-nio-8080-exec-8] INFO  MailServlet [MailServlet.java:35] - To: deleted@yandex.ru Subject: subj Body: 123
2021-02-28_21:04:45.498 [http-nio-8080-exec-10] INFO  MailServlet [MailServlet.java:35] - To: gmail@gmail.com Subject: subj Body: 123
2021-02-28_21:05:06.088 [http-nio-8080-exec-3] INFO  MailServlet [MailServlet.java:35] - To: user2@yandex.ru Subject: subj Body: 123
2021-02-28_21:13:43.998 [http-nio-8080-exec-1] INFO  DBIProvider [DBIProvider.java:27] - Init jDBI with  JNDI
2021-02-28_21:13:53.706 [http-nio-8080-exec-5] INFO  MailServlet [MailServlet.java:35] - To: admin@javaops.ru Subject: subj Body: 123
2021-02-28_21:15:04.518 [http-nio-8080-exec-1] INFO  DBIProvider [DBIProvider.java:27] - Init jDBI with  JNDI
2021-02-28_21:15:15.834 [http-nio-8080-exec-5] INFO  MailServlet [MailServlet.java:35] - To: admin@javaops.ru Subject: subj Body: 123
2021-02-28_21:27:06.134 [http-nio-8080-exec-1] INFO  DBIProvider [DBIProvider.java:27] - Init jDBI with  JNDI
2021-02-28_21:27:11.540 [http-nio-8080-exec-5] INFO  MailServlet [MailServlet.java:35] - To: admin@javaops.ru Subject: subj Body: 123
2021-02-28_21:27:21.633 [http-nio-8080-exec-7] INFO  MailServlet [MailServlet.java:35] - To: gmail@gmail.com Subject: subj Body: 123
2021-02-28_21:27:30.547 [http-nio-8080-exec-10] INFO  MailServlet [MailServlet.java:35] - To: admin@javaops.ru Subject: subj Body: 123
2021-02-28_21:27:34.680 [http-nio-8080-exec-2] INFO  MailServlet [MailServlet.java:35] - To: admin@javaops.ru Subject: subj Body: 123
2021-02-28_21:34:21.571 [http-nio-8080-exec-2] INFO  DBIProvider [DBIProvider.java:27] - Init jDBI with  JNDI
2021-02-28_21:34:32.757 [http-nio-8080-exec-5] INFO  MailServlet [MailServlet.java:35] - To: admin@javaops.ru Subject: subj Body: 123
2021-02-28_21:34:54.501 [http-nio-8080-exec-8] INFO  MailServlet [MailServlet.java:35] - To: gmail@gmail.com Subject: subj Body: 123
2021-02-28_21:39:24.412 [http-nio-8080-exec-1] INFO  DBIProvider [DBIProvider.java:27] - Init jDBI with  JNDI
2021-02-28_21:39:32.965 [http-nio-8080-exec-5] INFO  MailServlet [MailServlet.java:35] - To: deleted@yandex.ru Subject: subj Body: 123
2021-02-28_21:42:05.119 [http-nio-8080-exec-1] INFO  DBIProvider [DBIProvider.java:27] - Init jDBI with  JNDI
2021-02-28_21:42:13.300 [http-nio-8080-exec-4] INFO  MailServlet [MailServlet.java:35] - To: [Ljava.lang.String;@2574e2dd Subject: subj Body: 123
2021-02-28_21:43:17.906 [http-nio-8080-exec-1] INFO  DBIProvider [DBIProvider.java:27] - Init jDBI with  JNDI
2021-02-28_21:44:09.955 [http-nio-8080-exec-5] INFO  MailServlet [MailServlet.java:35] - To: [Ljava.lang.String;@4aa0e9cf Subject: subj Body: 123
2021-02-28_22:03:44.017 [http-nio-8181-exec-1] INFO  DBIProvider [DBIProvider.java:27] - Init jDBI with  JNDI
2021-02-28_22:04:03.645 [http-nio-8181-exec-6] INFO  MailWSClient [MailWSClient.java:29] - Send mail to '[ipodskochin@mail.ru]' subject 'subj
2021-02-28_22:04:52.839 [http-nio-8181-exec-9] INFO  MailWSClient [MailWSClient.java:29] - Send mail to '[user1@gmail.com, ipodskochin@mail.ru]' subject 'subj
2021-02-28_23:57:33.597 [http-nio-8181-exec-8] INFO  DBIProvider [DBIProvider.java:27] - Init jDBI with  JNDI
2021-02-28_23:58:42.288 [http-nio-8181-exec-4] INFO  SendServlet [SendServlet.java:21] - Start sending
2021-02-28_23:58:42.463 [http-nio-8181-exec-4] INFO  MailWSClient [MailWSClient.java:34] - Send bulk to '[ivan <ipodskochin@mail.ru>]' subject 'subj
2021-02-28_23:58:44.777 [http-nio-8181-exec-4] INFO  MailWSClient [MailWSClient.java:36] - Sent bulk with result: Success: 1

2021-02-28_23:58:44.778 [http-nio-8181-exec-4] INFO  SendServlet [SendServlet.java:29] - Processing finished with result: Success: 1

